#
# A fatal error has been detected by the Java Runtime Environment:
#
#  SIGSEGV (0xb) at pc=0x00007fff919a2a81, pid=4473, tid=24835
#
# JRE version: Java(TM) SE Runtime Environment (8.0-b132) (build 1.8.0-b132)
# Java VM: Java HotSpot(TM) 64-Bit Server VM (25.0-b70 mixed mode bsd-amd64 compressed oops)
# Problematic frame:
# C  [libsystem_c.dylib+0x1a81]  memmove$VARIANT$sse42+0x99
#
# Failed to write core dump. Core dumps have been disabled. To enable core dumping, try "ulimit -c unlimited" before starting Java again
#
# If you would like to submit a bug report, please visit:
#   http://bugreport.sun.com/bugreport/crash.jsp
# The crash happened outside the Java Virtual Machine in native code.
# See problematic frame for where to report the bug.
#

---------------  T H R E A D  ---------------

Current thread (0x00007f9e1bad7800):  JavaThread "pool-1-thread-1" [_thread_in_native, id=24835, stack(0x000000019ab3e000,0x000000019ac3e000)]

siginfo:si_signo=SIGSEGV: si_errno=0, si_code=1 (SEGV_MAPERR), si_addr=0x000000019a547000

Registers:
RAX=0x00007f9c8487cd70, RBX=0x000000019a545e62, RCX=0xffffffffffffe340, RDX=0x0000000000000035
RSP=0x000000019ac3bc80, RBP=0x000000019ac3bc80, RSI=0x000000019a548c90, RDI=0x00007f9e1edc5a00
R8 =0x0000000000000068, R9 =0x0000000000000000, R10=0x000000000000d000, R11=0x00007f9e1edc2c00
R12=0x000000006624656d, R13=0x0000000008080800, R14=0x00000000365f5f6e, R15=0x0000000000006c63
RIP=0x00007fff919a2a81, EFLAGS=0x0000000000010282, ERR=0x0000000000000004
  TRAPNO=0x000000000000000e

Top of Stack: (sp=0x000000019ac3bc80)
0x000000019ac3bc80:   000000019ac3bcf0 0000000105ec615a
0x000000019ac3bc90:   000000639ac3bcde 000000000000006c
0x000000019ac3bca0:   0000000000007361 00007f9e1edc2c00
0x000000019ac3bcb0:   0000000000002e35 00007f9e1aa2a550
0x000000019ac3bcc0:   00007f9e1ac63670 00000000ec8a5bb4
0x000000019ac3bcd0:   0000000000000c70 00007f9e1c0cbc00
0x000000019ac3bce0:   00007f9e1aa2a550 00007f9e1a89e7a0
0x000000019ac3bcf0:   000000019ac3bd40 0000000105ec6654
0x000000019ac3bd00:   0000000000000023 000000231bad7800
0x000000019ac3bd10:   000000019ac3bd5e 000000019ac3c1a8
0x000000019ac3bd20:   0000000000000023 000000019ac3bd5e
0x000000019ac3bd30:   00007f9e1aa2a550 00007f9e1bad79e0
0x000000019ac3bd40:   000000019ac3c190 0000000105ec549f
0x000000019ac3bd50:   0000000000000000 616c000100000001
0x000000019ac3bd60:   65767265735f797a 5f63697361622f72
0x000000019ac3bd70:   69746e6568747561 6c632e726f746163
0x000000019ac3bd80:   000000019700006a 00007f9e1bad7800
0x000000019ac3bd90:   0000000197e113a8 0000000197e113a8
0x000000019ac3bda0:   0000000197e113a8 00007f9e1ac1f660
0x000000019ac3bdb0:   00007f9e1bad7800 000000019ac3bea0
0x000000019ac3bdc0:   00007f9e1ac89398 00007f9e1ac89390
0x000000019ac3bdd0:   000000019ac3bf60 000000010511c918
0x000000019ac3bde0:   00007f9e1bad7800 0000000197f8fff0
0x000000019ac3bdf0:   000000019b1b0d80 000000019ac3cfd4
0x000000019ac3be00:   00007f9e1bad7800 0000000000000006
0x000000019ac3be10:   000000019ac3be50 00007fff919db57e
0x000000019ac3be20:   ffffffffffffffe0 00007f9e1ac63675
0x000000019ac3be30:   0000000104d1e000 0000000000000023
0x000000019ac3be40:   0000000104d21a00 0000000104d22e00
0x000000019ac3be50:   000000019ac3bf10 00007fff919dbb28
0x000000019ac3be60:   00007f9e1aa02010 0000000000000006
0x000000019ac3be70:   0000000000000053 000000001ac7c080 

Instructions: (pc=0x00007fff919a2a81)
0x00007fff919a2a61:   c6 0f 00 00 00 75 48 eb 06 66 0f 1f 44 00 00 66
0x00007fff919a2a71:   0f 6f 04 0e 66 0f 6f 4c 0e 10 66 0f 6f 54 0e 20
0x00007fff919a2a81:   66 0f 6f 5c 0e 30 66 0f 7f 04 0f 66 0f 7f 4c 0f
0x00007fff919a2a91:   10 66 0f 7f 54 0f 20 66 0f 7f 5c 0f 30 48 83 c1 

Register to memory mapping:

RAX=0x00007f9c8487cd70 is an unknown value
RBX=0x000000019a545e62 is an unknown value
RCX=0xffffffffffffe340 is an unknown value
RDX=0x0000000000000035 is an unknown value
RSP=0x000000019ac3bc80 is pointing into the stack for thread: 0x00007f9e1bad7800
RBP=0x000000019ac3bc80 is pointing into the stack for thread: 0x00007f9e1bad7800
RSI=0x000000019a548c90 is an unknown value
RDI=0x00007f9e1edc5a00 is an unknown value
R8 =0x0000000000000068 is an unknown value
R9 =0x0000000000000000 is an unknown value
R10=0x000000000000d000 is an unknown value
R11=0x00007f9e1edc2c00 is an unknown value
R12=0x000000006624656d is an unknown value
R13=0x0000000008080800 is an unknown value
R14=0x00000000365f5f6e is an unknown value
R15=0x0000000000006c63 is an unknown value


Stack: [0x000000019ab3e000,0x000000019ac3e000],  sp=0x000000019ac3bc80,  free space=1015k
Native frames: (J=compiled Java code, j=interpreted, Vv=VM code, C=native code)
C  [libsystem_c.dylib+0x1a81]  memmove$VARIANT$sse42+0x99
C  [libzip.dylib+0x315a]  newEntry+0x2c8
C  [libzip.dylib+0x3654]  ZIP_GetEntry+0xa2
C  [libzip.dylib+0x249f]  Java_java_util_zip_ZipFile_getEntry+0xdd
J 103  java.util.zip.ZipFile.getEntry(J[BZ)J (0 bytes) @ 0x000000010600784e [0x0000000106007780+0xce]

Java frames: (J=compiled Java code, j=interpreted, Vv=VM code)
J 103  java.util.zip.ZipFile.getEntry(J[BZ)J (0 bytes) @ 0x00000001060077d8 [0x0000000106007780+0x58]
J 2148 C2 sun.misc.URLClassPath$JarLoader.getResource(Ljava/lang/String;Z)Lsun/misc/Resource; (85 bytes) @ 0x000000010674fd6c [0x000000010674f980+0x3ec]
J 2416 C2 sun.misc.URLClassPath$JarLoader.findResource(Ljava/lang/String;Z)Ljava/net/URL; (18 bytes) @ 0x000000010688a394 [0x000000010688a360+0x34]
J 1732 C1 sun.misc.URLClassPath.findResource(Ljava/lang/String;Z)Ljava/net/URL; (38 bytes) @ 0x00000001065a5bc4 [0x00000001065a5aa0+0x124]
J 2168 C1 java.net.URLClassLoader$2.run()Ljava/lang/Object; (5 bytes) @ 0x000000010671d7cc [0x000000010671d6c0+0x10c]
v  ~StubRoutines::call_stub
J 2136  java.security.AccessController.doPrivileged(Ljava/security/PrivilegedAction;Ljava/security/AccessControlContext;)Ljava/lang/Object; (0 bytes) @ 0x00000001066f97a3 [0x00000001066f9740+0x63]
J 2166 C1 java.net.URLClassLoader.findResource(Ljava/lang/String;)Ljava/net/URL; (37 bytes) @ 0x000000010671cfc4 [0x000000010671ce40+0x184]
J 1432 C1 java.lang.ClassLoader.getResource(Ljava/lang/String;)Ljava/net/URL; (36 bytes) @ 0x000000010642f28c [0x000000010642ede0+0x4ac]
j  fresh.core$ns_to_file.invoke(Ljava/lang/Object;)Ljava/lang/Object;+30
j  fresh.core$depending_files_from$fn__779.invoke(Ljava/lang/Object;)Ljava/lang/Object;+12
J 2130 C2 clojure.core$map$fn__4207.invoke()Ljava/lang/Object; (348 bytes) @ 0x00000001067248ac [0x0000000106723fc0+0x8ec]
J 2401 C2 clojure.lang.LazySeq.seq()Lclojure/lang/ISeq; (53 bytes) @ 0x0000000106853968 [0x00000001068538c0+0xa8]
J 2589 C2 clojure.core$filter$fn__4226.invoke()Ljava/lang/Object; (429 bytes) @ 0x00000001069bcdc0 [0x00000001069bc5c0+0x800]
J 2401 C2 clojure.lang.LazySeq.seq()Lclojure/lang/ISeq; (53 bytes) @ 0x0000000106853968 [0x00000001068538c0+0xa8]
J 1408 C1 clojure.lang.LazilyPersistentVector.create(Ljava/util/Collection;)Lclojure/lang/IPersistentVector; (36 bytes) @ 0x000000010641d434 [0x000000010641cdc0+0x674]
J 2236 C1 clojure.core$vec.invoke(Ljava/lang/Object;)Ljava/lang/Object; (44 bytes) @ 0x0000000106798e74 [0x0000000106798bc0+0x2b4]
j  fresh.core$depending_files_from.invoke(Ljava/lang/Object;)Ljava/lang/Object;+86
j  fresh.core$update_tracking_for_file.invoke(Ljava/lang/Object;Ljava/lang/Object;Ljava/lang/Object;)Ljava/lang/Object;+140
J 2851 C2 fresh.core$update_tracking_for_files.invoke(Ljava/lang/Object;Ljava/lang/Object;Ljava/lang/Object;)Ljava/lang/Object; (344 bytes) @ 0x000000010629d14c [0x000000010629c860+0x8ec]
J 2855 C2 fresh.core$make_fresh.invoke(Ljava/lang/Object;Ljava/lang/Object;Ljava/lang/Object;)Ljava/lang/Object; (545 bytes) @ 0x0000000106040e30 [0x0000000106040600+0x830]
J 2878 C2 speclj.run.vigilant$tick$fn__869$fn__870.invoke()Ljava/lang/Object; (450 bytes) @ 0x000000010606fa7c [0x000000010606f6c0+0x3bc]
J 2877 C2 speclj.run.vigilant$tick$fn__869.invoke()Ljava/lang/Object; (76 bytes) @ 0x000000010609306c [0x0000000106092ba0+0x4cc]
J 2412 C2 clojure.lang.AFn.applyToHelper(Lclojure/lang/IFn;Lclojure/lang/ISeq;)Ljava/lang/Object; (3238 bytes) @ 0x00000001068c3554 [0x00000001068c29a0+0xbb4]
J 2798 C2 clojure.lang.AFn.applyTo(Lclojure/lang/ISeq;)Ljava/lang/Object; (12 bytes) @ 0x0000000106008694 [0x0000000106008660+0x34]
J 2648 C2 clojure.core$apply.invoke(Ljava/lang/Object;Ljava/lang/Object;)Ljava/lang/Object; (32 bytes) @ 0x00000001069e8b50 [0x00000001069e8a60+0xf0]
J 2869 C2 java.util.concurrent.ScheduledThreadPoolExecutor$ScheduledFutureTask.run()V (59 bytes) @ 0x000000010633b0c0 [0x000000010633ae80+0x240]
j  java.util.concurrent.ThreadPoolExecutor.runWorker(Ljava/util/concurrent/ThreadPoolExecutor$Worker;)V+95
j  java.util.concurrent.ThreadPoolExecutor$Worker.run()V+5
j  java.lang.Thread.run()V+11
v  ~StubRoutines::call_stub

---------------  P R O C E S S  ---------------

Java Threads: ( => current thread )
=>0x00007f9e1bad7800 JavaThread "pool-1-thread-1" [_thread_in_native, id=24835, stack(0x000000019ab3e000,0x000000019ac3e000)]
  0x00007f9e1a058000 JavaThread "Service Thread" daemon [_thread_blocked, id=23811, stack(0x000000019a1bc000,0x000000019a2bc000)]
  0x00007f9e1a045000 JavaThread "C1 CompilerThread2" daemon [_thread_blocked, id=23299, stack(0x000000019a0b9000,0x000000019a1b9000)]
  0x00007f9e1a03c000 JavaThread "C2 CompilerThread1" daemon [_thread_blocked, id=22787, stack(0x0000000199fb6000,0x000000019a0b6000)]
  0x00007f9e1a03e000 JavaThread "C2 CompilerThread0" daemon [_thread_blocked, id=22275, stack(0x0000000199eb3000,0x0000000199fb3000)]
  0x00007f9e1b87a800 JavaThread "Signal Dispatcher" daemon [_thread_blocked, id=21763, stack(0x0000000199db0000,0x0000000199eb0000)]
  0x00007f9e1b841800 JavaThread "Finalizer" daemon [_thread_blocked, id=16899, stack(0x0000000199ade000,0x0000000199bde000)]
  0x00007f9e1b840800 JavaThread "Reference Handler" daemon [_thread_blocked, id=16387, stack(0x00000001999db000,0x0000000199adb000)]
  0x00007f9e1b801000 JavaThread "main" [_thread_blocked, id=3851, stack(0x0000000105cf2000,0x0000000105df2000)]

Other Threads:
  0x00007f9e1b83c000 VMThread [stack: 0x00000001998d8000,0x00000001999d8000] [id=15875]
  0x00007f9e1a058800 WatcherThread [stack: 0x000000019a2bf000,0x000000019a3bf000] [id=24323]

VM state:not at safepoint (normal execution)

VM Mutex/Monitor currently owned by a thread: None

Heap:
 PSYoungGen      total 10752K, used 9810K [0x0000000140100000, 0x0000000142c00000, 0x0000000155600000)
  eden space 10240K, 94% used [0x0000000140100000,0x0000000140a74ae8,0x0000000140b00000)
  from space 512K, 25% used [0x0000000142b00000,0x0000000142b20000,0x0000000142b80000)
  to   space 512K, 0% used [0x0000000142b80000,0x0000000142b80000,0x0000000142c00000)
 ParOldGen       total 10240K, used 8584K [0x0000000115600000, 0x0000000116000000, 0x0000000140100000)
  object space 10240K, 83% used [0x0000000115600000,0x0000000115e62378,0x0000000116000000)
 Metaspace       used 19353K, capacity 23351K, committed 23552K, reserved 1067008K
  class space    used 4147K, capacity 5277K, committed 5376K, reserved 1048576K

Card table byte_map: [0x0000000155600000,0x0000000155801000] byte_map_base: 0x0000000154d55000

Marking Bits: (ParMarkBitMap*) 0x00000001056980a0
 Begin Bits: [0x0000000155c0d000, 0x0000000156c0d000)
 End Bits:   [0x0000000156c0d000, 0x0000000157c0d000)

Polling page: 0x0000000105e36000

CodeCache: size=245760Kb used=9974Kb max_used=11904Kb free=235785Kb
 bounds [0x0000000105ecc000, 0x0000000106a8c000, 0x0000000114ecc000]
 total_blobs=2669 nmethods=2316 adapters=268
 compilation: enabled

Compilation events (10 events):
Event: 10400.595 Thread 0x00007f9e1a045000 2888       3       java.util.LinkedHashMap::afterNodeRemoval (65 bytes)
Event: 10400.596 Thread 0x00007f9e1a045000 nmethod 2888 0x0000000106670110 code [0x0000000106670280, 0x0000000106670630]
Event: 14178.354 Thread 0x00007f9e1a03c000 2889       4       sun.nio.cs.StreamDecoder::implRead (243 bytes)
Event: 14178.388 Thread 0x00007f9e1a03c000 nmethod 2889 0x00000001062e2750 code [0x00000001062e2a20, 0x00000001062e3540]
Event: 14178.489 Thread 0x00007f9e1a03e000 2890       4       clojure.asm.MethodAdapter::visitLineNumber (12 bytes)
Event: 14178.493 Thread 0x00007f9e1a03c000 2891       4       clojure.lang.Namespace::findOrCreate (48 bytes)
Event: 14178.496 Thread 0x00007f9e1a03e000 nmethod 2890 0x0000000106019dd0 code [0x0000000106019f60, 0x000000010601a458]
Event: 14178.502 Thread 0x00007f9e1a045000 2892       3       clojure.lang.APersistentMap$1::iterator (8 bytes)
Event: 14178.503 Thread 0x00007f9e1a045000 nmethod 2892 0x000000010600bd90 code [0x000000010600bf00, 0x000000010600c128]
Event: 14178.510 Thread 0x00007f9e1a03c000 nmethod 2891 0x00000001061d1110 code [0x00000001061d12c0, 0x00000001061d1858]

GC Heap History (10 events):
Event: 14602.635 GC heap before
{Heap before GC invocations=214 (full 1):
 PSYoungGen      total 10752K, used 10336K [0x0000000140100000, 0x0000000142c00000, 0x0000000155600000)
  eden space 10240K, 100% used [0x0000000140100000,0x0000000140b00000,0x0000000140b00000)
  from space 512K, 18% used [0x0000000142b80000,0x0000000142b98000,0x0000000142c00000)
  to   space 512K, 0% used [0x0000000142b00000,0x0000000142b00000,0x0000000142b80000)
 ParOldGen       total 10240K, used 8584K [0x0000000115600000, 0x0000000116000000, 0x0000000140100000)
  object space 10240K, 83% used [0x0000000115600000,0x0000000115e62378,0x0000000116000000)
 Metaspace       used 19353K, capacity 23351K, committed 23552K, reserved 1067008K
  class space    used 4147K, capacity 5277K, committed 5376K, reserved 1048576K
Event: 14602.636 GC heap after
Heap after GC invocations=214 (full 1):
 PSYoungGen      total 10752K, used 96K [0x0000000140100000, 0x0000000142c00000, 0x0000000155600000)
  eden space 10240K, 0% used [0x0000000140100000,0x0000000140100000,0x0000000140b00000)
  from space 512K, 18% used [0x0000000142b00000,0x0000000142b18000,0x0000000142b80000)
  to   space 512K, 0% used [0x0000000142b80000,0x0000000142b80000,0x0000000142c00000)
 ParOldGen       total 10240K, used 8584K [0x0000000115600000, 0x0000000116000000, 0x0000000140100000)
  object space 10240K, 83% used [0x0000000115600000,0x0000000115e62378,0x0000000116000000)
 Metaspace       used 19353K, capacity 23351K, committed 23552K, reserved 1067008K
  class space    used 4147K, capacity 5277K, committed 5376K, reserved 1048576K
}
Event: 14661.335 GC heap before
{Heap before GC invocations=215 (full 1):
 PSYoungGen      total 10752K, used 10336K [0x0000000140100000, 0x0000000142c00000, 0x0000000155600000)
  eden space 10240K, 100% used [0x0000000140100000,0x0000000140b00000,0x0000000140b00000)
  from space 512K, 18% used [0x0000000142b00000,0x0000000142b18000,0x0000000142b80000)
  to   space 512K, 0% used [0x0000000142b80000,0x0000000142b80000,0x0000000142c00000)
 ParOldGen       total 10240K, used 8584K [0x0000000115600000, 0x0000000116000000, 0x0000000140100000)
  object space 10240K, 83% used [0x0000000115600000,0x0000000115e62378,0x0000000116000000)
 Metaspace       used 19353K, capacity 23351K, committed 23552K, reserved 1067008K
  class space    used 4147K, capacity 5277K, committed 5376K, reserved 1048576K
Event: 14661.337 GC heap after
Heap after GC invocations=215 (full 1):
 PSYoungGen      total 10752K, used 128K [0x0000000140100000, 0x0000000142c00000, 0x0000000155600000)
  eden space 10240K, 0% used [0x0000000140100000,0x0000000140100000,0x0000000140b00000)
  from space 512K, 25% used [0x0000000142b80000,0x0000000142ba0000,0x0000000142c00000)
  to   space 512K, 0% used [0x0000000142b00000,0x0000000142b00000,0x0000000142b80000)
 ParOldGen       total 10240K, used 8584K [0x0000000115600000, 0x0000000116000000, 0x0000000140100000)
  object space 10240K, 83% used [0x0000000115600000,0x0000000115e62378,0x0000000116000000)
 Metaspace       used 19353K, capacity 23351K, committed 23552K, reserved 1067008K
  class space    used 4147K, capacity 5277K, committed 5376K, reserved 1048576K
}
Event: 14720.038 GC heap before
{Heap before GC invocations=216 (full 1):
 PSYoungGen      total 10752K, used 10368K [0x0000000140100000, 0x0000000142c00000, 0x0000000155600000)
  eden space 10240K, 100% used [0x0000000140100000,0x0000000140b00000,0x0000000140b00000)
  from space 512K, 25% used [0x0000000142b80000,0x0000000142ba0000,0x0000000142c00000)
  to   space 512K, 0% used [0x0000000142b00000,0x0000000142b00000,0x0000000142b80000)
 ParOldGen       total 10240K, used 8584K [0x0000000115600000, 0x0000000116000000, 0x0000000140100000)
  object space 10240K, 83% used [0x0000000115600000,0x0000000115e62378,0x0000000116000000)
 Metaspace       used 19353K, capacity 23351K, committed 23552K, reserved 1067008K
  class space    used 4147K, capacity 5277K, committed 5376K, reserved 1048576K
Event: 14720.040 GC heap after
Heap after GC invocations=216 (full 1):
 PSYoungGen      total 10752K, used 128K [0x0000000140100000, 0x0000000142c00000, 0x0000000155600000)
  eden space 10240K, 0% used [0x0000000140100000,0x0000000140100000,0x0000000140b00000)
  from space 512K, 25% used [0x0000000142b00000,0x0000000142b20000,0x0000000142b80000)
  to   space 512K, 0% used [0x0000000142b80000,0x0000000142b80000,0x0000000142c00000)
 ParOldGen       total 10240K, used 8584K [0x0000000115600000, 0x0000000116000000, 0x0000000140100000)
  object space 10240K, 83% used [0x0000000115600000,0x0000000115e62378,0x0000000116000000)
 Metaspace       used 19353K, capacity 23351K, committed 23552K, reserved 1067008K
  class space    used 4147K, capacity 5277K, committed 5376K, reserved 1048576K
}
Event: 14778.731 GC heap before
{Heap before GC invocations=217 (full 1):
 PSYoungGen      total 10752K, used 10368K [0x0000000140100000, 0x0000000142c00000, 0x0000000155600000)
  eden space 10240K, 100% used [0x0000000140100000,0x0000000140b00000,0x0000000140b00000)
  from space 512K, 25% used [0x0000000142b00000,0x0000000142b20000,0x0000000142b80000)
  to   space 512K, 0% used [0x0000000142b80000,0x0000000142b80000,0x0000000142c00000)
 ParOldGen       total 10240K, used 8584K [0x0000000115600000, 0x0000000116000000, 0x0000000140100000)
  object space 10240K, 83% used [0x0000000115600000,0x0000000115e62378,0x0000000116000000)
 Metaspace       used 19353K, capacity 23351K, committed 23552K, reserved 1067008K
  class space    used 4147K, capacity 5277K, committed 5376K, reserved 1048576K
Event: 14778.735 GC heap after
Heap after GC invocations=217 (full 1):
 PSYoungGen      total 10752K, used 96K [0x0000000140100000, 0x0000000142c00000, 0x0000000155600000)
  eden space 10240K, 0% used [0x0000000140100000,0x0000000140100000,0x0000000140b00000)
  from space 512K, 18% used [0x0000000142b80000,0x0000000142b98000,0x0000000142c00000)
  to   space 512K, 0% used [0x0000000142b00000,0x0000000142b00000,0x0000000142b80000)
 ParOldGen       total 10240K, used 8584K [0x0000000115600000, 0x0000000116000000, 0x0000000140100000)
  object space 10240K, 83% used [0x0000000115600000,0x0000000115e62378,0x0000000116000000)
 Metaspace       used 19353K, capacity 23351K, committed 23552K, reserved 1067008K
  class space    used 4147K, capacity 5277K, committed 5376K, reserved 1048576K
}
Event: 14836.927 GC heap before
{Heap before GC invocations=218 (full 1):
 PSYoungGen      total 10752K, used 10336K [0x0000000140100000, 0x0000000142c00000, 0x0000000155600000)
  eden space 10240K, 100% used [0x0000000140100000,0x0000000140b00000,0x0000000140b00000)
  from space 512K, 18% used [0x0000000142b80000,0x0000000142b98000,0x0000000142c00000)
  to   space 512K, 0% used [0x0000000142b00000,0x0000000142b00000,0x0000000142b80000)
 ParOldGen       total 10240K, used 8584K [0x0000000115600000, 0x0000000116000000, 0x0000000140100000)
  object space 10240K, 83% used [0x0000000115600000,0x0000000115e62378,0x0000000116000000)
 Metaspace       used 19353K, capacity 23351K, committed 23552K, reserved 1067008K
  class space    used 4147K, capacity 5277K, committed 5376K, reserved 1048576K
Event: 14836.933 GC heap after
Heap after GC invocations=218 (full 1):
 PSYoungGen      total 10752K, used 128K [0x0000000140100000, 0x0000000142c00000, 0x0000000155600000)
  eden space 10240K, 0% used [0x0000000140100000,0x0000000140100000,0x0000000140b00000)
  from space 512K, 25% used [0x0000000142b00000,0x0000000142b20000,0x0000000142b80000)
  to   space 512K, 0% used [0x0000000142b80000,0x0000000142b80000,0x0000000142c00000)
 ParOldGen       total 10240K, used 8584K [0x0000000115600000, 0x0000000116000000, 0x0000000140100000)
  object space 10240K, 83% used [0x0000000115600000,0x0000000115e62378,0x0000000116000000)
 Metaspace       used 19353K, capacity 23351K, committed 23552K, reserved 1067008K
  class space    used 4147K, capacity 5277K, committed 5376K, reserved 1048576K
}

Deoptimization events (10 events):
Event: 60.607 Thread 0x00007f9e1bad7800 Uncommon trap: reason=class_check action=maybe_recompile pc=0x00000001062b9d14 method=clojure.lang.LispReader.read1(Ljava/io/Reader;)I @ 1
Event: 60.607 Thread 0x00007f9e1bad7800 Uncommon trap: reason=class_check action=maybe_recompile pc=0x00000001062b9d14 method=clojure.lang.LispReader.read1(Ljava/io/Reader;)I @ 1
Event: 1103.050 Thread 0x00007f9e1bad7800 Uncommon trap: reason=class_check action=maybe_recompile pc=0x000000010604fe4c method=clojure.lang.RT.contains(Ljava/lang/Object;Ljava/lang/Object;)Ljava/lang/Object; @ 50
Event: 1103.551 Thread 0x00007f9e1bad7800 Uncommon trap: reason=class_check action=maybe_recompile pc=0x000000010604fe4c method=clojure.lang.RT.contains(Ljava/lang/Object;Ljava/lang/Object;)Ljava/lang/Object; @ 50
Event: 1104.052 Thread 0x00007f9e1bad7800 Uncommon trap: reason=class_check action=maybe_recompile pc=0x000000010604fe4c method=clojure.lang.RT.contains(Ljava/lang/Object;Ljava/lang/Object;)Ljava/lang/Object; @ 50
Event: 1104.554 Thread 0x00007f9e1bad7800 Uncommon trap: reason=class_check action=maybe_recompile pc=0x000000010604fe4c method=clojure.lang.RT.contains(Ljava/lang/Object;Ljava/lang/Object;)Ljava/lang/Object; @ 50
Event: 1787.132 Thread 0x00007f9e1bad7800 Uncommon trap: reason=class_check action=maybe_recompile pc=0x00000001060c617c method=clojure.lang.PersistentHashSet$TransientHashSet.persistent()Lclojure/lang/IPersistentCollection; @ 9
Event: 1787.634 Thread 0x00007f9e1bad7800 Uncommon trap: reason=class_check action=maybe_recompile pc=0x00000001060c617c method=clojure.lang.PersistentHashSet$TransientHashSet.persistent()Lclojure/lang/IPersistentCollection; @ 9
Event: 1788.136 Thread 0x00007f9e1bad7800 Uncommon trap: reason=class_check action=maybe_recompile pc=0x00000001060c617c method=clojure.lang.PersistentHashSet$TransientHashSet.persistent()Lclojure/lang/IPersistentCollection; @ 9
Event: 1788.638 Thread 0x00007f9e1bad7800 Uncommon trap: reason=class_check action=maybe_recompile pc=0x00000001060c617c method=clojure.lang.PersistentHashSet$TransientHashSet.persistent()Lclojure/lang/IPersistentCollection; @ 9

Internal exceptions (10 events):
Event: 14178.484 Thread 0x00007f9e1bad7800 Exception <a 'java/security/PrivilegedActionException'> (0x00000001407f3818) thrown at [/HUDSON/workspace/8-2-build-macosx-x86_64/jdk8/2238/hotspot/src/share/vm/prims/jvm.cpp, line 1248]
Event: 14178.484 Thread 0x00007f9e1bad7800 Exception <a 'java/security/PrivilegedActionException'> (0x00000001407f4548) thrown at [/HUDSON/workspace/8-2-build-macosx-x86_64/jdk8/2238/hotspot/src/share/vm/prims/jvm.cpp, line 1248]
Event: 14178.484 Thread 0x00007f9e1bad7800 Exception <a 'java/security/PrivilegedActionException'> (0x00000001407f5fb8) thrown at [/HUDSON/workspace/8-2-build-macosx-x86_64/jdk8/2238/hotspot/src/share/vm/prims/jvm.cpp, line 1248]
Event: 14178.484 Thread 0x00007f9e1bad7800 Exception <a 'java/security/PrivilegedActionException'> (0x00000001407f89d0) thrown at [/HUDSON/workspace/8-2-build-macosx-x86_64/jdk8/2238/hotspot/src/share/vm/prims/jvm.cpp, line 1248]
Event: 14178.484 Thread 0x00007f9e1bad7800 Exception <a 'java/security/PrivilegedActionException'> (0x00000001407f9700) thrown at [/HUDSON/workspace/8-2-build-macosx-x86_64/jdk8/2238/hotspot/src/share/vm/prims/jvm.cpp, line 1248]
Event: 14178.484 Thread 0x00007f9e1bad7800 Exception <a 'java/security/PrivilegedActionException'> (0x00000001407fa430) thrown at [/HUDSON/workspace/8-2-build-macosx-x86_64/jdk8/2238/hotspot/src/share/vm/prims/jvm.cpp, line 1248]
Event: 14178.486 Thread 0x00007f9e1bad7800 Exception <a 'java/security/PrivilegedActionException'> (0x00000001407fe418) thrown at [/HUDSON/workspace/8-2-build-macosx-x86_64/jdk8/2238/hotspot/src/share/vm/prims/jvm.cpp, line 1248]
Event: 14178.486 Thread 0x00007f9e1bad7800 Exception <a 'java/security/PrivilegedActionException'> (0x0000000140801c08) thrown at [/HUDSON/workspace/8-2-build-macosx-x86_64/jdk8/2238/hotspot/src/share/vm/prims/jvm.cpp, line 1248]
Event: 14178.492 Thread 0x00007f9e1bad7800 Exception <a 'java/security/PrivilegedActionException'> (0x000000014085a568) thrown at [/HUDSON/workspace/8-2-build-macosx-x86_64/jdk8/2238/hotspot/src/share/vm/prims/jvm.cpp, line 1248]
Event: 14178.492 Thread 0x00007f9e1bad7800 Exception <a 'java/security/PrivilegedActionException'> (0x000000014085d248) thrown at [/HUDSON/workspace/8-2-build-macosx-x86_64/jdk8/2238/hotspot/src/share/vm/prims/jvm.cpp, line 1248]

Events (10 events):
Event: 14602.635 Executing VM operation: ParallelGCFailedAllocation
Event: 14602.636 Executing VM operation: ParallelGCFailedAllocation done
Event: 14661.335 Executing VM operation: ParallelGCFailedAllocation
Event: 14661.337 Executing VM operation: ParallelGCFailedAllocation done
Event: 14720.038 Executing VM operation: ParallelGCFailedAllocation
Event: 14720.040 Executing VM operation: ParallelGCFailedAllocation done
Event: 14778.731 Executing VM operation: ParallelGCFailedAllocation
Event: 14778.735 Executing VM operation: ParallelGCFailedAllocation done
Event: 14836.927 Executing VM operation: ParallelGCFailedAllocation
Event: 14836.933 Executing VM operation: ParallelGCFailedAllocation done


Dynamic libraries:
0x000000000bfd4000 	/System/Library/Frameworks/Cocoa.framework/Versions/A/Cocoa
0x000000000bfd4000 	/System/Library/Frameworks/Security.framework/Versions/A/Security
0x000000000bfd4000 	/System/Library/Frameworks/ApplicationServices.framework/Versions/A/ApplicationServices
0x000000000bfd4000 	/usr/lib/libz.1.dylib
0x000000000bfd4000 	/usr/lib/libSystem.B.dylib
0x000000000bfd4000 	/usr/lib/libobjc.A.dylib
0x000000000bfd4000 	/System/Library/Frameworks/CoreFoundation.framework/Versions/A/CoreFoundation
0x000000000bfd4000 	/System/Library/Frameworks/Foundation.framework/Versions/C/Foundation
0x000000000bfd4000 	/System/Library/Frameworks/AppKit.framework/Versions/C/AppKit
0x000000000bfd4000 	/System/Library/Frameworks/CoreData.framework/Versions/A/CoreData
0x000000000bfd4000 	/System/Library/PrivateFrameworks/RemoteViewServices.framework/Versions/A/RemoteViewServices
0x000000000bfd4000 	/System/Library/Frameworks/AudioToolbox.framework/Versions/A/AudioToolbox
0x000000000bfd4000 	/System/Library/Frameworks/AudioUnit.framework/Versions/A/AudioUnit
0x000000000bfd4000 	/System/Library/PrivateFrameworks/DataDetectorsCore.framework/Versions/A/DataDetectorsCore
0x000000000bfd4000 	/System/Library/PrivateFrameworks/DesktopServicesPriv.framework/Versions/A/DesktopServicesPriv
0x000000000bfd4000 	/System/Library/Frameworks/Carbon.framework/Versions/A/Frameworks/HIToolbox.framework/Versions/A/HIToolbox
0x000000000bfd4000 	/System/Library/Frameworks/QuartzCore.framework/Versions/A/QuartzCore
0x000000000bfd4000 	/System/Library/Frameworks/Carbon.framework/Versions/A/Frameworks/SpeechRecognition.framework/Versions/A/SpeechRecognition
0x000000000bfd4000 	/usr/lib/libauto.dylib
0x000000000bfd4000 	/usr/lib/libicucore.A.dylib
0x000000000bfd4000 	/usr/lib/libxml2.2.dylib
0x000000000bfd4000 	/System/Library/PrivateFrameworks/CoreUI.framework/Versions/A/CoreUI
0x000000000bfd4000 	/System/Library/Frameworks/CoreAudio.framework/Versions/A/CoreAudio
0x000000000bfd4000 	/System/Library/Frameworks/DiskArbitration.framework/Versions/A/DiskArbitration
0x000000000bfd4000 	/usr/lib/liblangid.dylib
0x000000000bfd4000 	/System/Library/PrivateFrameworks/MultitouchSupport.framework/Versions/A/MultitouchSupport
0x000000000bfd4000 	/System/Library/Frameworks/IOKit.framework/Versions/A/IOKit
0x000000000bfd4000 	/usr/lib/libDiagnosticMessagesClient.dylib
0x000000000bfd4000 	/System/Library/Frameworks/CoreServices.framework/Versions/A/CoreServices
0x000000000bfd4000 	/System/Library/PrivateFrameworks/PerformanceAnalysis.framework/Versions/A/PerformanceAnalysis
0x000000000bfd4000 	/System/Library/PrivateFrameworks/GenerationalStorage.framework/Versions/A/GenerationalStorage
0x000000000bfd4000 	/System/Library/Frameworks/OpenGL.framework/Versions/A/OpenGL
0x000000000bfd4000 	/System/Library/Frameworks/CoreText.framework/Versions/A/CoreText
0x000000000bfd4000 	/System/Library/Frameworks/ImageIO.framework/Versions/A/ImageIO
0x000000000bfd4000 	/System/Library/PrivateFrameworks/Backup.framework/Versions/A/Backup
0x000000000bfd4000 	/System/Library/Frameworks/CFNetwork.framework/Versions/A/CFNetwork
0x000000000bfd4000 	/System/Library/Frameworks/SystemConfiguration.framework/Versions/A/SystemConfiguration
0x000000000bfd4000 	/usr/lib/libCRFSuite.dylib
0x000000000bfd4000 	/System/Library/PrivateFrameworks/TCC.framework/Versions/A/TCC
0x000000000bfd4000 	/usr/lib/libc++.1.dylib
0x000000000bfd4000 	/usr/lib/libc++abi.dylib
0x000000000bfd4000 	/usr/lib/system/libcache.dylib
0x000000000bfd4000 	/usr/lib/system/libcommonCrypto.dylib
0x000000000bfd4000 	/usr/lib/system/libcompiler_rt.dylib
0x000000000bfd4000 	/usr/lib/system/libcopyfile.dylib
0x000000000bfd4000 	/usr/lib/system/libdispatch.dylib
0x000000000bfd4000 	/usr/lib/system/libdnsinfo.dylib
0x000000000bfd4000 	/usr/lib/system/libdyld.dylib
0x000000000bfd4000 	/usr/lib/system/libkeymgr.dylib
0x000000000bfd4000 	/usr/lib/system/liblaunch.dylib
0x000000000bfd4000 	/usr/lib/system/libmacho.dylib
0x000000000bfd4000 	/usr/lib/system/libquarantine.dylib
0x000000000bfd4000 	/usr/lib/system/libremovefile.dylib
0x000000000bfd4000 	/usr/lib/system/libsystem_blocks.dylib
0x000000000bfd4000 	/usr/lib/system/libsystem_c.dylib
0x000000000bfd4000 	/usr/lib/system/libsystem_dnssd.dylib
0x000000000bfd4000 	/usr/lib/system/libsystem_info.dylib
0x000000000bfd4000 	/usr/lib/system/libsystem_kernel.dylib
0x000000000bfd4000 	/usr/lib/system/libsystem_m.dylib
0x000000000bfd4000 	/usr/lib/system/libsystem_network.dylib
0x000000000bfd4000 	/usr/lib/system/libsystem_notify.dylib
0x000000000bfd4000 	/usr/lib/system/libsystem_sandbox.dylib
0x000000000bfd4000 	/usr/lib/system/libunc.dylib
0x000000000bfd4000 	/usr/lib/system/libunwind.dylib
0x000000000bfd4000 	/usr/lib/system/libxpc.dylib
0x000000000bfd4000 	/usr/lib/system/libcorecrypto.dylib
0x000000000bfd4000 	/usr/lib/libstdc++.6.dylib
0x000000000bfd4000 	/usr/lib/libbsm.0.dylib
0x000000000bfd4000 	/usr/lib/libsqlite3.dylib
0x000000000bfd4000 	/usr/lib/libxar.1.dylib
0x000000000bfd4000 	/usr/lib/libpam.2.dylib
0x000000000bfd4000 	/usr/lib/libOpenScriptingUtil.dylib
0x000000000bfd4000 	/usr/lib/libbz2.1.0.dylib
0x000000000bfd4000 	/System/Library/Frameworks/CoreServices.framework/Versions/A/Frameworks/CarbonCore.framework/Versions/A/CarbonCore
0x000000000bfd4000 	/System/Library/Frameworks/CoreServices.framework/Versions/A/Frameworks/Metadata.framework/Versions/A/Metadata
0x000000000bfd4000 	/System/Library/Frameworks/CoreServices.framework/Versions/A/Frameworks/OSServices.framework/Versions/A/OSServices
0x000000000bfd4000 	/System/Library/Frameworks/CoreServices.framework/Versions/A/Frameworks/SearchKit.framework/Versions/A/SearchKit
0x000000000bfd4000 	/System/Library/Frameworks/CoreServices.framework/Versions/A/Frameworks/AE.framework/Versions/A/AE
0x000000000bfd4000 	/System/Library/Frameworks/CoreServices.framework/Versions/A/Frameworks/LaunchServices.framework/Versions/A/LaunchServices
0x000000000bfd4000 	/System/Library/Frameworks/CoreServices.framework/Versions/A/Frameworks/DictionaryServices.framework/Versions/A/DictionaryServices
0x000000000bfd4000 	/System/Library/Frameworks/NetFS.framework/Versions/A/NetFS
0x000000000bfd4000 	/usr/lib/system/libkxld.dylib
0x000000000bfd4000 	/System/Library/PrivateFrameworks/NetAuth.framework/Versions/A/NetAuth
0x000000000bfd4000 	/System/Library/Frameworks/OpenDirectory.framework/Versions/A/Frameworks/CFOpenDirectory.framework/Versions/A/CFOpenDirectory
0x000000000bfd4000 	/usr/lib/libxslt.1.dylib
0x000000000bfd4000 	/System/Library/PrivateFrameworks/FamilyControls.framework/Versions/A/FamilyControls
0x000000000bfd4000 	/System/Library/Frameworks/Carbon.framework/Versions/A/Frameworks/Ink.framework/Versions/A/Ink
0x000000000bfd4000 	/System/Library/Frameworks/ApplicationServices.framework/Versions/A/Frameworks/CoreGraphics.framework/Versions/A/CoreGraphics
0x000000000bfd4000 	/System/Library/Frameworks/ApplicationServices.framework/Versions/A/Frameworks/ATS.framework/Versions/A/ATS
0x000000000bfd4000 	/System/Library/Frameworks/ApplicationServices.framework/Versions/A/Frameworks/ColorSync.framework/Versions/A/ColorSync
0x000000000bfd4000 	/System/Library/Frameworks/ApplicationServices.framework/Versions/A/Frameworks/HIServices.framework/Versions/A/HIServices
0x000000000bfd4000 	/System/Library/Frameworks/ApplicationServices.framework/Versions/A/Frameworks/LangAnalysis.framework/Versions/A/LangAnalysis
0x000000000bfd4000 	/System/Library/Frameworks/ApplicationServices.framework/Versions/A/Frameworks/PrintCore.framework/Versions/A/PrintCore
0x000000000bfd4000 	/System/Library/Frameworks/ApplicationServices.framework/Versions/A/Frameworks/QD.framework/Versions/A/QD
0x000000000bfd4000 	/System/Library/Frameworks/ApplicationServices.framework/Versions/A/Frameworks/SpeechSynthesis.framework/Versions/A/SpeechSynthesis
0x000000000bfd4000 	/System/Library/Frameworks/IOSurface.framework/Versions/A/IOSurface
0x000000000bfd4000 	/System/Library/Frameworks/Accelerate.framework/Versions/A/Accelerate
0x000000000bfd4000 	/System/Library/Frameworks/ApplicationServices.framework/Versions/A/Frameworks/ATS.framework/Versions/A/Resources/libFontParser.dylib
0x000000000bfd4000 	/System/Library/Frameworks/ApplicationServices.framework/Versions/A/Frameworks/ATS.framework/Versions/A/Resources/libFontRegistry.dylib
0x000000000bfd4000 	/System/Library/Frameworks/Accelerate.framework/Versions/A/Frameworks/vImage.framework/Versions/A/vImage
0x000000000bfd4000 	/System/Library/Frameworks/Accelerate.framework/Versions/A/Frameworks/vecLib.framework/Versions/A/vecLib
0x000000000bfd4000 	/System/Library/Frameworks/Accelerate.framework/Versions/A/Frameworks/vecLib.framework/Versions/A/libvDSP.dylib
0x000000000bfd4000 	/System/Library/Frameworks/Accelerate.framework/Versions/A/Frameworks/vecLib.framework/Versions/A/libvMisc.dylib
0x000000000bfd4000 	/System/Library/Frameworks/Accelerate.framework/Versions/A/Frameworks/vecLib.framework/Versions/A/libLAPACK.dylib
0x000000000bfd4000 	/System/Library/Frameworks/Accelerate.framework/Versions/A/Frameworks/vecLib.framework/Versions/A/libBLAS.dylib
0x000000000bfd4000 	/System/Library/Frameworks/ImageIO.framework/Versions/A/Resources/libJPEG.dylib
0x000000000bfd4000 	/System/Library/Frameworks/ImageIO.framework/Versions/A/Resources/libTIFF.dylib
0x000000000bfd4000 	/System/Library/Frameworks/ImageIO.framework/Versions/A/Resources/libPng.dylib
0x000000000bfd4000 	/System/Library/Frameworks/ImageIO.framework/Versions/A/Resources/libGIF.dylib
0x000000000bfd4000 	/System/Library/Frameworks/ImageIO.framework/Versions/A/Resources/libJP2.dylib
0x000000000bfd4000 	/System/Library/Frameworks/ImageIO.framework/Versions/A/Resources/libRadiance.dylib
0x000000000bfd4000 	/usr/lib/libcups.2.dylib
0x000000000bfd4000 	/System/Library/Frameworks/Kerberos.framework/Versions/A/Kerberos
0x000000000bfd4000 	/System/Library/Frameworks/GSS.framework/Versions/A/GSS
0x000000000bfd4000 	/usr/lib/libresolv.9.dylib
0x000000000bfd4000 	/usr/lib/libiconv.2.dylib
0x000000000bfd4000 	/System/Library/PrivateFrameworks/Heimdal.framework/Versions/A/Heimdal
0x000000000bfd4000 	/System/Library/PrivateFrameworks/TrustEvaluationAgent.framework/Versions/A/TrustEvaluationAgent
0x000000000bfd4000 	/System/Library/Frameworks/OpenDirectory.framework/Versions/A/OpenDirectory
0x000000000bfd4000 	/System/Library/PrivateFrameworks/CommonAuth.framework/Versions/A/CommonAuth
0x000000000bfd4000 	/System/Library/PrivateFrameworks/Bom.framework/Versions/A/Bom
0x000000000bfd4000 	/System/Library/Frameworks/CoreVideo.framework/Versions/A/CoreVideo
0x000000000bfd4000 	/System/Library/Frameworks/QuartzCore.framework/Versions/A/Frameworks/CoreImage.framework/Versions/A/CoreImage
0x000000000bfd4000 	/System/Library/Frameworks/QuartzCore.framework/Versions/A/Frameworks/ScalableUserInterface.framework/Versions/A/ScalableUserInterface
0x000000000bfd4000 	/System/Library/Frameworks/OpenGL.framework/Versions/A/Libraries/libGLU.dylib
0x000000000bfd4000 	/System/Library/Frameworks/OpenGL.framework/Versions/A/Libraries/libGFXShared.dylib
0x000000000bfd4000 	/System/Library/Frameworks/OpenGL.framework/Versions/A/Libraries/libGL.dylib
0x000000000bfd4000 	/System/Library/Frameworks/OpenGL.framework/Versions/A/Libraries/libGLImage.dylib
0x000000000bfd4000 	/System/Library/Frameworks/OpenGL.framework/Versions/A/Libraries/libCVMSPluginSupport.dylib
0x000000000bfd4000 	/System/Library/Frameworks/OpenGL.framework/Versions/A/Libraries/libCoreVMClient.dylib
0x000000000bfd4000 	/System/Library/PrivateFrameworks/CrashReporterSupport.framework/Versions/A/CrashReporterSupport
0x000000000bfd4000 	/System/Library/Frameworks/OpenCL.framework/Versions/A/OpenCL
0x000000000bfd4000 	/System/Library/PrivateFrameworks/FaceCoreLight.framework/Versions/A/FaceCoreLight
0x000000000bfd4000 	/System/Library/PrivateFrameworks/AppleFSCompression.framework/Versions/A/AppleFSCompression
0x000000000bfd4000 	/System/Library/PrivateFrameworks/Ubiquity.framework/Versions/A/Ubiquity
0x000000000bfd4000 	/System/Library/Frameworks/ServiceManagement.framework/Versions/A/ServiceManagement
0x000000000bfd4000 	/System/Library/PrivateFrameworks/ChunkingLibrary.framework/Versions/A/ChunkingLibrary
0x000000000bfd4000 	/System/Library/Frameworks/vecLib.framework/Versions/A/vecLib
0x000000000bfd4000 	/System/Library/Frameworks/SecurityFoundation.framework/Versions/A/SecurityFoundation
0x000000000bfd4000 	/System/Library/PrivateFrameworks/CommerceKit.framework/Versions/A/Frameworks/CommerceCore.framework/Versions/A/CommerceCore
0x000000000bfd4000 	/System/Library/PrivateFrameworks/CoreSymbolication.framework/Versions/A/CoreSymbolication
0x000000000bfd4000 	/System/Library/PrivateFrameworks/Symbolication.framework/Versions/A/Symbolication
0x000000000bfd4000 	/System/Library/PrivateFrameworks/DebugSymbols.framework/Versions/A/DebugSymbols
0x0000000104e32000 	/Library/Java/JavaVirtualMachines/jdk1.8.0.jdk/Contents/Home/jre/lib/server/libjvm.dylib
0x0000000105df4000 	/Library/Java/JavaVirtualMachines/jdk1.8.0.jdk/Contents/Home/jre/lib/libverify.dylib
0x0000000105e02000 	/Library/Java/JavaVirtualMachines/jdk1.8.0.jdk/Contents/Home/jre/lib/libjava.dylib
0x0000000105ec3000 	/Library/Java/JavaVirtualMachines/jdk1.8.0.jdk/Contents/Home/jre/lib/libzip.dylib
0x0000000199be0000 	/System/Library/Frameworks/JavaVM.framework/Frameworks/JavaRuntimeSupport.framework/JavaRuntimeSupport
0x0000000199bf8000 	/System/Library/Frameworks/JavaVM.framework/Versions/A/Frameworks/JavaNativeFoundation.framework/Versions/A/JavaNativeFoundation
0x0000000199c0d000 	/System/Library/Frameworks/JavaVM.framework/Versions/A/JavaVM
0x000000000bfd4000 	/System/Library/Frameworks/Carbon.framework/Versions/A/Carbon
0x0000000199c1a000 	/System/Library/PrivateFrameworks/JavaLaunching.framework/Versions/A/JavaLaunching
0x000000000bfd4000 	/System/Library/Frameworks/Carbon.framework/Versions/A/Frameworks/CommonPanels.framework/Versions/A/CommonPanels
0x000000000bfd4000 	/System/Library/Frameworks/Carbon.framework/Versions/A/Frameworks/Help.framework/Versions/A/Help
0x000000000bfd4000 	/System/Library/Frameworks/Carbon.framework/Versions/A/Frameworks/ImageCapture.framework/Versions/A/ImageCapture
0x000000000bfd4000 	/System/Library/Frameworks/Carbon.framework/Versions/A/Frameworks/OpenScripting.framework/Versions/A/OpenScripting
0x000000000bfd4000 	/System/Library/Frameworks/Carbon.framework/Versions/A/Frameworks/Print.framework/Versions/A/Print
0x000000000bfd4000 	/System/Library/Frameworks/Carbon.framework/Versions/A/Frameworks/SecurityHI.framework/Versions/A/SecurityHI
0x000000019a500000 	/Library/Java/JavaVirtualMachines/jdk1.8.0.jdk/Contents/Home/jre/lib/libnet.dylib
0x000000019a571000 	/Library/Java/JavaVirtualMachines/jdk1.8.0.jdk/Contents/Home/jre/lib/libsunec.dylib

VM Arguments:
jvm_args: -Dclojure.compile.path=/Users/alexhill/cob-spec-slayer/target/classes -Dcob-spec-slayer.version=0.1.0-SNAPSHOT -Dfile.encoding=UTF-8 -Dclojure.debug=false 
java_command: clojure.main -i /private/var/folders/0l/k26dw0td68v52rrzz4pmnb140000gn/T/form-init3411125588748819680.clj
java_class_path (initial): /Users/alexhill/cob-spec-slayer/spec:/Users/alexhill/cob-spec-slayer/src:/Users/alexhill/cob-spec-slayer/dev-resources:/Users/alexhill/cob-spec-slayer/resources:/Users/alexhill/cob-spec-slayer/target/classes:/Users/alexhill/.m2/repository/org/clojure/data.codec/0.1.0/data.codec-0.1.0.jar:/Users/alexhill/.m2/repository/com/novemberain/pantomime/2.2.0/pantomime-2.2.0.jar:/Users/alexhill/.m2/repository/speclj/speclj/3.0.1/speclj-3.0.1.jar:/Users/alexhill/.m2/repository/fresh/fresh/1.0.2/fresh-1.0.2.jar:/Users/alexhill/.m2/repository/digest/digest/1.4.4/digest-1.4.4.jar:/Users/alexhill/.m2/repository/org/clojure/tools.nrepl/0.2.3/tools.nrepl-0.2.3.jar:/Users/alexhill/.m2/repository/mmargs/mmargs/1.2.0/mmargs-1.2.0.jar:/Users/alexhill/.m2/repository/org/clojure/clojure/1.5.1/clojure-1.5.1.jar:/Users/alexhill/.m2/repository/clojure-complete/clojure-complete/0.2.3/clojure-complete-0.2.3.jar:/Users/alexhill/.m2/repository/org/apache/tika/tika-core/1.5/tika-core-1.5.jar:/Users/alexhill/.m2/repository/lazy-server/lazy-server/0.2.0-SNAPSHOT/lazy-server-0.2.0-SNAPSHOT.jar
Launcher Type: SUN_STANDARD

Environment Variables:
PATH=/usr/local/heroku/bin:/Users/alexhill/.rvm/gems/ruby-2.0.0-p247/bin:/Users/alexhill/.rvm/gems/ruby-2.0.0-p247@global/bin:/Users/alexhill/.rvm/rubies/ruby-2.0.0-p247/bin:/Users/alexhill/.rvm/bin:/usr/local/bin:/usr/local/sbin:/usr/bin:/bin:/usr/sbin:/sbin:/opt/X11/bin:/usr/local/MacGPG2/bin:/usr/local/bin:/usr/bin:/bin:/usr/sbin:/sbin:/usr/local/bin
SHELL=/bin/zsh
DISPLAY=/tmp/launch-3SO5ws/org.macosforge.xquartz:0

Signal Handlers:
SIGSEGV: [libjvm.dylib+0x55faef], sa_mask[0]=0xfffefeff, sa_flags=0x00000043
SIGBUS: [libjvm.dylib+0x55faef], sa_mask[0]=0xfffefeff, sa_flags=0x00000042
SIGFPE: [libjvm.dylib+0x44305a], sa_mask[0]=0xfffefeff, sa_flags=0x00000042
SIGPIPE: [libjvm.dylib+0x44305a], sa_mask[0]=0xfffefeff, sa_flags=0x00000042
SIGXFSZ: [libjvm.dylib+0x44305a], sa_mask[0]=0xfffefeff, sa_flags=0x00000042
SIGILL: [libjvm.dylib+0x44305a], sa_mask[0]=0xfffefeff, sa_flags=0x00000042
SIGUSR1: SIG_DFL, sa_mask[0]=0x63807efb, sa_flags=0x00000000
SIGUSR2: [libjvm.dylib+0x442b78], sa_mask[0]=0x00000004, sa_flags=0x00000042
SIGHUP: [libjvm.dylib+0x440f05], sa_mask[0]=0xfffefeff, sa_flags=0x00000042
SIGINT: [libjvm.dylib+0x440f05], sa_mask[0]=0xfffefeff, sa_flags=0x00000042
SIGTERM: [libjvm.dylib+0x440f05], sa_mask[0]=0xfffefeff, sa_flags=0x00000042
SIGQUIT: [libjvm.dylib+0x440f05], sa_mask[0]=0xfffefeff, sa_flags=0x00000042


---------------  S Y S T E M  ---------------

OS:Bsduname:Darwin 12.5.0 Darwin Kernel Version 12.5.0: Sun Sep 29 13:33:47 PDT 2013; root:xnu-2050.48.12~1/RELEASE_X86_64 x86_64
rlimit: STACK 8192k, CORE 0k, NPROC 709, NOFILE 10240, AS infinity
load average:2.39 1.24 1.00

CPU:total 4 (2 cores per cpu, 2 threads per core) family 6 model 58 stepping 9, cmov, cx8, fxsr, mmx, sse, sse2, sse3, ssse3, sse4.1, sse4.2, popcnt, avx, aes, clmul, erms, ht, tsc, tscinvbit

Memory: 4k page, physical 4194304k(237288k free)

/proc/meminfo:


vm_info: Java HotSpot(TM) 64-Bit Server VM (25.0-b70) for bsd-amd64 JRE (1.8.0-b132), built on Mar  4 2014 03:11:43 by "java_re" with gcc 4.2.1 (Based on Apple Inc. build 5658) (LLVM build 2336.11.00)

time: Mon Jul  7 15:09:42 2014
elapsed time: 14891 seconds

